# JRE version: Java(TM) SE Runtime Environment (8.0_131-b11) (build 1.8.0_131-b11)
# Java VM: Java HotSpot(TM) 64-Bit Server VM (25.131-b11 mixed mode windows-amd64 compressed oops)
Heap:
 PSYoungGen      total 237568K, used 65995K [0x00000000eab00000, 0x00000000fa800000, 0x0000000100000000)
  eden space 222208K, 26% used [0x00000000eab00000,0x00000000ee4988b0,0x00000000f8400000)
  from space 15360K, 45% used [0x00000000f9280000,0x00000000f995a740,0x00000000fa180000)
  to   space 14848K, 0% used [0x00000000f8400000,0x00000000f8400000,0x00000000f9280000)
 ParOldGen       total 74752K, used 17830K [0x00000000c0000000, 0x00000000c4900000, 0x00000000eab00000)
  object space 74752K, 23% used [0x00000000c0000000,0x00000000c1169890,0x00000000c4900000)
 Metaspace       used 41470K, capacity 42086K, committed 42240K, reserved 1085440K
  class space    used 5704K, capacity 5865K, committed 5888K, reserved 1048576K
GC Heap History (10 events):
Event: 23.348 GC heap before
{Heap before GC invocations=6 (full 1):
 PSYoungGen      total 99840K, used 96256K [0x00000000eab00000, 0x00000000f1000000, 0x0000000100000000)
  eden space 96256K, 100% used [0x00000000eab00000,0x00000000f0900000,0x00000000f0900000)
  from space 3584K, 0% used [0x00000000f0c80000,0x00000000f0c80000,0x00000000f1000000)
  to   space 3584K, 0% used [0x00000000f0900000,0x00000000f0900000,0x00000000f0c80000)
 ParOldGen       total 51200K, used 9263K [0x00000000c0000000, 0x00000000c3200000, 0x00000000eab00000)
  object space 51200K, 18% used [0x00000000c0000000,0x00000000c090bd90,0x00000000c3200000)
 Metaspace       used 28784K, capacity 29240K, committed 29440K, reserved 1075200K
  class space    used 4154K, capacity 4308K, committed 4352K, reserved 1048576K
Event: 23.852 GC heap after
Heap after GC invocations=6 (full 1):
 PSYoungGen      total 99840K, used 3572K [0x00000000eab00000, 0x00000000f5680000, 0x0000000100000000)
  eden space 96256K, 0% used [0x00000000eab00000,0x00000000eab00000,0x00000000f0900000)
  from space 3584K, 99% used [0x00000000f0900000,0x00000000f0c7d010,0x00000000f0c80000)
  to   space 12800K, 0% used [0x00000000f4a00000,0x00000000f4a00000,0x00000000f5680000)
 ParOldGen       total 51200K, used 15500K [0x00000000c0000000, 0x00000000c3200000, 0x00000000eab00000)
  object space 51200K, 30% used [0x00000000c0000000,0x00000000c0f23330,0x00000000c3200000)
 Metaspace       used 28784K, capacity 29240K, committed 29440K, reserved 1075200K
  class space    used 4154K, capacity 4308K, committed 4352K, reserved 1048576K
}
Event: 29.655 GC heap before
{Heap before GC invocations=7 (full 1):
 PSYoungGen      total 99840K, used 99828K [0x00000000eab00000, 0x00000000f5680000, 0x0000000100000000)
  eden space 96256K, 100% used [0x00000000eab00000,0x00000000f0900000,0x00000000f0900000)
  from space 3584K, 99% used [0x00000000f0900000,0x00000000f0c7d010,0x00000000f0c80000)
  to   space 12800K, 0% used [0x00000000f4a00000,0x00000000f4a00000,0x00000000f5680000)
 ParOldGen       total 51200K, used 15500K [0x00000000c0000000, 0x00000000c3200000, 0x00000000eab00000)
  object space 51200K, 30% used [0x00000000c0000000,0x00000000c0f23330,0x00000000c3200000)
 Metaspace       used 34026K, capacity 34640K, committed 35072K, reserved 1079296K
  class space    used 4907K, capacity 5070K, committed 5120K, reserved 1048576K
Event: 29.821 GC heap after
Heap after GC invocations=7 (full 1):
 PSYoungGen      total 160256K, used 11978K [0x00000000eab00000, 0x00000000f5700000, 0x0000000100000000)
  eden space 147456K, 0% used [0x00000000eab00000,0x00000000eab00000,0x00000000f3b00000)
  from space 12800K, 93% used [0x00000000f4a00000,0x00000000f55b28e8,0x00000000f5680000)
  to   space 14336K, 0% used [0x00000000f3b00000,0x00000000f3b00000,0x00000000f4900000)
 ParOldGen       total 51200K, used 15500K [0x00000000c0000000, 0x00000000c3200000, 0x00000000eab00000)
  object space 51200K, 30% used [0x00000000c0000000,0x00000000c0f23330,0x00000000c3200000)
 Metaspace       used 34026K, capacity 34640K, committed 35072K, reserved 1079296K
  class space    used 4907K, capacity 5070K, committed 5120K, reserved 1048576K
}
Event: 33.334 GC heap before
{Heap before GC invocations=8 (full 1):
 PSYoungGen      total 160256K, used 63789K [0x00000000eab00000, 0x00000000f5700000, 0x0000000100000000)
  eden space 147456K, 35% used [0x00000000eab00000,0x00000000edd98bc8,0x00000000f3b00000)
  from space 12800K, 93% used [0x00000000f4a00000,0x00000000f55b28e8,0x00000000f5680000)
  to   space 14336K, 0% used [0x00000000f3b00000,0x00000000f3b00000,0x00000000f4900000)
 ParOldGen       total 51200K, used 15500K [0x00000000c0000000, 0x00000000c3200000, 0x00000000eab00000)
  object space 51200K, 30% used [0x00000000c0000000,0x00000000c0f23330,0x00000000c3200000)
 Metaspace       used 34780K, capacity 35308K, committed 35416K, reserved 1079296K
  class space    used 4957K, capacity 5112K, committed 5120K, reserved 1048576K
Event: 33.433 GC heap after
Heap after GC invocations=8 (full 1):
 PSYoungGen      total 161792K, used 11336K [0x00000000eab00000, 0x00000000fa180000, 0x0000000100000000)
  eden space 147456K, 0% used [0x00000000eab00000,0x00000000eab00000,0x00000000f3b00000)
  from space 14336K, 79% used [0x00000000f3b00000,0x00000000f4612068,0x00000000f4900000)
  to   space 15360K, 0% used [0x00000000f9280000,0x00000000f9280000,0x00000000fa180000)
 ParOldGen       total 51200K, used 15500K [0x00000000c0000000, 0x00000000c3200000, 0x00000000eab00000)
  object space 51200K, 30% used [0x00000000c0000000,0x00000000c0f23330,0x00000000c3200000)
 Metaspace       used 34780K, capacity 35308K, committed 35416K, reserved 1079296K
  class space    used 4957K, capacity 5112K, committed 5120K, reserved 1048576K
}
Event: 33.433 GC heap before
{Heap before GC invocations=9 (full 2):
 PSYoungGen      total 161792K, used 11336K [0x00000000eab00000, 0x00000000fa180000, 0x0000000100000000)
  eden space 147456K, 0% used [0x00000000eab00000,0x00000000eab00000,0x00000000f3b00000)
  from space 14336K, 79% used [0x00000000f3b00000,0x00000000f4612068,0x00000000f4900000)
  to   space 15360K, 0% used [0x00000000f9280000,0x00000000f9280000,0x00000000fa180000)
 ParOldGen       total 51200K, used 15500K [0x00000000c0000000, 0x00000000c3200000, 0x00000000eab00000)
  object space 51200K, 30% used [0x00000000c0000000,0x00000000c0f23330,0x00000000c3200000)
 Metaspace       used 34780K, capacity 35308K, committed 35416K, reserved 1079296K
  class space    used 4957K, capacity 5112K, committed 5120K, reserved 1048576K
Event: 33.771 GC heap after
Heap after GC invocations=9 (full 2):
 PSYoungGen      total 161792K, used 0K [0x00000000eab00000, 0x00000000fa180000, 0x0000000100000000)
  eden space 147456K, 0% used [0x00000000eab00000,0x00000000eab00000,0x00000000f3b00000)
  from space 14336K, 0% used [0x00000000f3b00000,0x00000000f3b00000,0x00000000f4900000)
  to   space 15360K, 0% used [0x00000000f9280000,0x00000000f9280000,0x00000000fa180000)
 ParOldGen       total 74752K, used 17822K [0x00000000c0000000, 0x00000000c4900000, 0x00000000eab00000)
  object space 74752K, 23% used [0x00000000c0000000,0x00000000c1167890,0x00000000c4900000)
 Metaspace       used 34780K, capacity 35308K, committed 35416K, reserved 1079296K
  class space    used 4957K, capacity 5112K, committed 5120K, reserved 1048576K
}
Event: 38.944 GC heap before
{Heap before GC invocations=10 (full 2):
 PSYoungGen      total 161792K, used 147456K [0x00000000eab00000, 0x00000000fa180000, 0x0000000100000000)
  eden space 147456K, 100% used [0x00000000eab00000,0x00000000f3b00000,0x00000000f3b00000)
  from space 14336K, 0% used [0x00000000f3b00000,0x00000000f3b00000,0x00000000f4900000)
  to   space 15360K, 0% used [0x00000000f9280000,0x00000000f9280000,0x00000000fa180000)
 ParOldGen       total 74752K, used 17822K [0x00000000c0000000, 0x00000000c4900000, 0x00000000eab00000)
  object space 74752K, 23% used [0x00000000c0000000,0x00000000c1167890,0x00000000c4900000)
 Metaspace       used 39149K, capacity 39810K, committed 40064K, reserved 1083392K
  class space    used 5483K, capacity 5667K, committed 5760K, reserved 1048576K
Event: 39.036 GC heap after
Heap after GC invocations=10 (full 2):
 PSYoungGen      total 237568K, used 7017K [0x00000000eab00000, 0x00000000fa800000, 0x0000000100000000)
  eden space 222208K, 0% used [0x00000000eab00000,0x00000000eab00000,0x00000000f8400000)
  from space 15360K, 45% used [0x00000000f9280000,0x00000000f995a740,0x00000000fa180000)
  to   space 14848K, 0% used [0x00000000f8400000,0x00000000f8400000,0x00000000f9280000)
 ParOldGen       total 74752K, used 17830K [0x00000000c0000000, 0x00000000c4900000, 0x00000000eab00000)
  object space 74752K, 23% used [0x00000000c0000000,0x00000000c1169890,0x00000000c4900000)
 Metaspace       used 39149K, capacity 39810K, committed 40064K, reserved 1083392K
  class space    used 5483K, capacity 5667K, committed 5760K, reserved 1048576K
}

