# JRE version: Java(TM) SE Runtime Environment (8.0_131-b11) (build 1.8.0_131-b11)
# Java VM: Java HotSpot(TM) 64-Bit Server VM (25.131-b11 mixed mode windows-amd64 compressed oops)
Heap:
 PSYoungGen      total 180224K, used 4962K [0x00000000e1580000, 0x00000000f3080000, 0x0000000100000000)
  eden space 166912K, 2% used [0x00000000e1580000,0x00000000e1a58820,0x00000000eb880000)
  from space 13312K, 0% used [0x00000000eb880000,0x00000000eb880000,0x00000000ec580000)
  to   space 16384K, 0% used [0x00000000f2080000,0x00000000f2080000,0x00000000f3080000)
 ParOldGen       total 62464K, used 21918K [0x00000000a4000000, 0x00000000a7d00000, 0x00000000e1580000)
  object space 62464K, 35% used [0x00000000a4000000,0x00000000a5567b10,0x00000000a7d00000)
 Metaspace       used 35753K, capacity 36108K, committed 36392K, reserved 1081344K
  class space    used 4531K, capacity 4615K, committed 4648K, reserved 1048576K
GC Heap History (10 events):
Event: 13.375 GC heap before
{Heap before GC invocations=7 (full 1):
 PSYoungGen      total 102912K, used 7661K [0x00000000e1580000, 0x00000000e8480000, 0x0000000100000000)
  eden space 95232K, 0% used [0x00000000e1580000,0x00000000e1580000,0x00000000e7280000)
  from space 7680K, 99% used [0x00000000e7b00000,0x00000000e827b788,0x00000000e8280000)
  to   space 8704K, 0% used [0x00000000e7280000,0x00000000e7280000,0x00000000e7b00000)
 ParOldGen       total 62976K, used 8536K [0x00000000a4000000, 0x00000000a7d80000, 0x00000000e1580000)
  object space 62976K, 13% used [0x00000000a4000000,0x00000000a4856288,0x00000000a7d80000)
 Metaspace       used 20930K, capacity 21154K, committed 21296K, reserved 1069056K
  class space    used 2550K, capacity 2640K, committed 2688K, reserved 1048576K
Event: 13.521 GC heap after
Heap after GC invocations=7 (full 1):
 PSYoungGen      total 102912K, used 0K [0x00000000e1580000, 0x00000000e8480000, 0x0000000100000000)
  eden space 95232K, 0% used [0x00000000e1580000,0x00000000e1580000,0x00000000e7280000)
  from space 7680K, 0% used [0x00000000e7b00000,0x00000000e7b00000,0x00000000e8280000)
  to   space 8704K, 0% used [0x00000000e7280000,0x00000000e7280000,0x00000000e7b00000)
 ParOldGen       total 44544K, used 11098K [0x00000000a4000000, 0x00000000a6b80000, 0x00000000e1580000)
  object space 44544K, 24% used [0x00000000a4000000,0x00000000a4ad6b78,0x00000000a6b80000)
 Metaspace       used 20930K, capacity 21154K, committed 21296K, reserved 1069056K
  class space    used 2550K, capacity 2640K, committed 2688K, reserved 1048576K
}
Event: 20.992 GC heap before
{Heap before GC invocations=8 (full 1):
 PSYoungGen      total 102912K, used 95232K [0x00000000e1580000, 0x00000000e8480000, 0x0000000100000000)
  eden space 95232K, 100% used [0x00000000e1580000,0x00000000e7280000,0x00000000e7280000)
  from space 7680K, 0% used [0x00000000e7b00000,0x00000000e7b00000,0x00000000e8280000)
  to   space 8704K, 0% used [0x00000000e7280000,0x00000000e7280000,0x00000000e7b00000)
 ParOldGen       total 44544K, used 11098K [0x00000000a4000000, 0x00000000a6b80000, 0x00000000e1580000)
  object space 44544K, 24% used [0x00000000a4000000,0x00000000a4ad6b78,0x00000000a6b80000)
 Metaspace       used 27269K, capacity 27592K, committed 27904K, reserved 1073152K
  class space    used 3379K, capacity 3489K, committed 3584K, reserved 1048576K
Event: 21.162 GC heap after
Heap after GC invocations=8 (full 1):
 PSYoungGen      total 103936K, used 8690K [0x00000000e1580000, 0x00000000ed100000, 0x0000000100000000)
  eden space 95232K, 0% used [0x00000000e1580000,0x00000000e1580000,0x00000000e7280000)
  from space 8704K, 99% used [0x00000000e7280000,0x00000000e7afcb58,0x00000000e7b00000)
  to   space 11776K, 0% used [0x00000000ec580000,0x00000000ec580000,0x00000000ed100000)
 ParOldGen       total 44544K, used 14287K [0x00000000a4000000, 0x00000000a6b80000, 0x00000000e1580000)
  object space 44544K, 32% used [0x00000000a4000000,0x00000000a4df3c00,0x00000000a6b80000)
 Metaspace       used 27269K, capacity 27592K, committed 27904K, reserved 1073152K
  class space    used 3379K, capacity 3489K, committed 3584K, reserved 1048576K
}
Event: 24.981 GC heap before
{Heap before GC invocations=9 (full 1):
 PSYoungGen      total 103936K, used 103922K [0x00000000e1580000, 0x00000000ed100000, 0x0000000100000000)
  eden space 95232K, 100% used [0x00000000e1580000,0x00000000e7280000,0x00000000e7280000)
  from space 8704K, 99% used [0x00000000e7280000,0x00000000e7afcb58,0x00000000e7b00000)
  to   space 11776K, 0% used [0x00000000ec580000,0x00000000ec580000,0x00000000ed100000)
 ParOldGen       total 44544K, used 14287K [0x00000000a4000000, 0x00000000a6b80000, 0x00000000e1580000)
  object space 44544K, 32% used [0x00000000a4000000,0x00000000a4df3c00,0x00000000a6b80000)
 Metaspace       used 29577K, capacity 29902K, committed 30208K, reserved 1075200K
  class space    used 3669K, capacity 3746K, committed 3840K, reserved 1048576K
Event: 25.088 GC heap after
Heap after GC invocations=9 (full 1):
 PSYoungGen      total 178688K, used 11762K [0x00000000e1580000, 0x00000000ed300000, 0x0000000100000000)
  eden space 166912K, 0% used [0x00000000e1580000,0x00000000e1580000,0x00000000eb880000)
  from space 11776K, 99% used [0x00000000ec580000,0x00000000ed0fcae0,0x00000000ed100000)
  to   space 13312K, 0% used [0x00000000eb880000,0x00000000eb880000,0x00000000ec580000)
 ParOldGen       total 44544K, used 14876K [0x00000000a4000000, 0x00000000a6b80000, 0x00000000e1580000)
  object space 44544K, 33% used [0x00000000a4000000,0x00000000a4e870a8,0x00000000a6b80000)
 Metaspace       used 29577K, capacity 29902K, committed 30208K, reserved 1075200K
  class space    used 3669K, capacity 3746K, committed 3840K, reserved 1048576K
}
Event: 28.155 GC heap before
{Heap before GC invocations=10 (full 1):
 PSYoungGen      total 178688K, used 56546K [0x00000000e1580000, 0x00000000ed300000, 0x0000000100000000)
  eden space 166912K, 26% used [0x00000000e1580000,0x00000000e413bf48,0x00000000eb880000)
  from space 11776K, 99% used [0x00000000ec580000,0x00000000ed0fcae0,0x00000000ed100000)
  to   space 13312K, 0% used [0x00000000eb880000,0x00000000eb880000,0x00000000ec580000)
 ParOldGen       total 44544K, used 14876K [0x00000000a4000000, 0x00000000a6b80000, 0x00000000e1580000)
  object space 44544K, 33% used [0x00000000a4000000,0x00000000a4e870a8,0x00000000a6b80000)
 Metaspace       used 35048K, capacity 35372K, committed 35496K, reserved 1081344K
  class space    used 4422K, capacity 4519K, committed 4520K, reserved 1048576K
Event: 29.308 GC heap after
Heap after GC invocations=10 (full 1):
 PSYoungGen      total 180224K, used 13310K [0x00000000e1580000, 0x00000000f3080000, 0x0000000100000000)
  eden space 166912K, 0% used [0x00000000e1580000,0x00000000e1580000,0x00000000eb880000)
  from space 13312K, 99% used [0x00000000eb880000,0x00000000ec57fa48,0x00000000ec580000)
  to   space 16384K, 0% used [0x00000000f2080000,0x00000000f2080000,0x00000000f3080000)
 ParOldGen       total 44544K, used 17442K [0x00000000a4000000, 0x00000000a6b80000, 0x00000000e1580000)
  object space 44544K, 39% used [0x00000000a4000000,0x00000000a5108b08,0x00000000a6b80000)
 Metaspace       used 35048K, capacity 35372K, committed 35496K, reserved 1081344K
  class space    used 4422K, capacity 4519K, committed 4520K, reserved 1048576K
}
Event: 29.308 GC heap before
{Heap before GC invocations=11 (full 2):
 PSYoungGen      total 180224K, used 13310K [0x00000000e1580000, 0x00000000f3080000, 0x0000000100000000)
  eden space 166912K, 0% used [0x00000000e1580000,0x00000000e1580000,0x00000000eb880000)
  from space 13312K, 99% used [0x00000000eb880000,0x00000000ec57fa48,0x00000000ec580000)
  to   space 16384K, 0% used [0x00000000f2080000,0x00000000f2080000,0x00000000f3080000)
 ParOldGen       total 44544K, used 17442K [0x00000000a4000000, 0x00000000a6b80000, 0x00000000e1580000)
  object space 44544K, 39% used [0x00000000a4000000,0x00000000a5108b08,0x00000000a6b80000)
 Metaspace       used 35048K, capacity 35372K, committed 35496K, reserved 1081344K
  class space    used 4422K, capacity 4519K, committed 4520K, reserved 1048576K
Event: 30.042 GC heap after
Heap after GC invocations=11 (full 2):
 PSYoungGen      total 180224K, used 0K [0x00000000e1580000, 0x00000000f3080000, 0x0000000100000000)
  eden space 166912K, 0% used [0x00000000e1580000,0x00000000e1580000,0x00000000eb880000)
  from space 13312K, 0% used [0x00000000eb880000,0x00000000eb880000,0x00000000ec580000)
  to   space 16384K, 0% used [0x00000000f2080000,0x00000000f2080000,0x00000000f3080000)
 ParOldGen       total 62464K, used 21918K [0x00000000a4000000, 0x00000000a7d00000, 0x00000000e1580000)
  object space 62464K, 35% used [0x00000000a4000000,0x00000000a5567b10,0x00000000a7d00000)
 Metaspace       used 35048K, capacity 35372K, committed 35496K, reserved 1081344K
  class space    used 4422K, capacity 4519K, committed 4520K, reserved 1048576K
}

