# JRE version: Java(TM) SE Runtime Environment (8.0_131-b11) (build 1.8.0_131-b11)
# Java VM: Java HotSpot(TM) 64-Bit Server VM (25.131-b11 mixed mode windows-amd64 compressed oops)
Heap:
 PSYoungGen      total 51712K, used 3007K [0x00000000eab00000, 0x00000000ee100000, 0x0000000100000000)
  eden space 48128K, 0% used [0x00000000eab00000,0x00000000eab00000,0x00000000eda00000)
  from space 3584K, 83% used [0x00000000eda00000,0x00000000edcefcd0,0x00000000edd80000)
  to   space 3584K, 0% used [0x00000000edd80000,0x00000000edd80000,0x00000000ee100000)
 ParOldGen       total 46080K, used 20774K [0x00000000c0000000, 0x00000000c2d00000, 0x00000000eab00000)
  object space 46080K, 45% used [0x00000000c0000000,0x00000000c1449ab8,0x00000000c2d00000)
 Metaspace       used 32749K, capacity 33274K, committed 33408K, reserved 1077248K
  class space    used 4607K, capacity 4734K, committed 4736K, reserved 1048576K
GC Heap History (10 events):
Event: 10.270 GC heap after
Heap after GC invocations=6 (full 1):
 PSYoungGen      total 51712K, used 0K [0x00000000eab00000, 0x00000000ee100000, 0x0000000100000000)
  eden space 48128K, 0% used [0x00000000eab00000,0x00000000eab00000,0x00000000eda00000)
  from space 3584K, 0% used [0x00000000eda00000,0x00000000eda00000,0x00000000edd80000)
  to   space 3584K, 0% used [0x00000000edd80000,0x00000000edd80000,0x00000000ee100000)
 ParOldGen       total 46080K, used 9905K [0x00000000c0000000, 0x00000000c2d00000, 0x00000000eab00000)
  object space 46080K, 21% used [0x00000000c0000000,0x00000000c09ac588,0x00000000c2d00000)
 Metaspace       used 20717K, capacity 21066K, committed 21248K, reserved 1067008K
  class space    used 2883K, capacity 3000K, committed 3072K, reserved 1048576K
}
Event: 11.664 GC heap before
{Heap before GC invocations=7 (full 1):
 PSYoungGen      total 51712K, used 48128K [0x00000000eab00000, 0x00000000ee100000, 0x0000000100000000)
  eden space 48128K, 100% used [0x00000000eab00000,0x00000000eda00000,0x00000000eda00000)
  from space 3584K, 0% used [0x00000000eda00000,0x00000000eda00000,0x00000000edd80000)
  to   space 3584K, 0% used [0x00000000edd80000,0x00000000edd80000,0x00000000ee100000)
 ParOldGen       total 46080K, used 9905K [0x00000000c0000000, 0x00000000c2d00000, 0x00000000eab00000)
  object space 46080K, 21% used [0x00000000c0000000,0x00000000c09ac588,0x00000000c2d00000)
 Metaspace       used 26992K, capacity 27360K, committed 27648K, reserved 1073152K
  class space    used 3651K, capacity 3748K, committed 3840K, reserved 1048576K
Event: 11.780 GC heap after
Heap after GC invocations=7 (full 1):
 PSYoungGen      total 51712K, used 3557K [0x00000000eab00000, 0x00000000ee100000, 0x0000000100000000)
  eden space 48128K, 0% used [0x00000000eab00000,0x00000000eab00000,0x00000000eda00000)
  from space 3584K, 99% used [0x00000000edd80000,0x00000000ee0f95f0,0x00000000ee100000)
  to   space 3584K, 0% used [0x00000000eda00000,0x00000000eda00000,0x00000000edd80000)
 ParOldGen       total 46080K, used 12489K [0x00000000c0000000, 0x00000000c2d00000, 0x00000000eab00000)
  object space 46080K, 27% used [0x00000000c0000000,0x00000000c0c32658,0x00000000c2d00000)
 Metaspace       used 26992K, capacity 27360K, committed 27648K, reserved 1073152K
  class space    used 3651K, capacity 3748K, committed 3840K, reserved 1048576K
}
Event: 13.572 GC heap before
{Heap before GC invocations=8 (full 1):
 PSYoungGen      total 51712K, used 51685K [0x00000000eab00000, 0x00000000ee100000, 0x0000000100000000)
  eden space 48128K, 100% used [0x00000000eab00000,0x00000000eda00000,0x00000000eda00000)
  from space 3584K, 99% used [0x00000000edd80000,0x00000000ee0f95f0,0x00000000ee100000)
  to   space 3584K, 0% used [0x00000000eda00000,0x00000000eda00000,0x00000000edd80000)
 ParOldGen       total 46080K, used 12489K [0x00000000c0000000, 0x00000000c2d00000, 0x00000000eab00000)
  object space 46080K, 27% used [0x00000000c0000000,0x00000000c0c32658,0x00000000c2d00000)
 Metaspace       used 29595K, capacity 30102K, committed 30464K, reserved 1075200K
  class space    used 4142K, capacity 4277K, committed 4352K, reserved 1048576K
Event: 13.595 GC heap after
Heap after GC invocations=8 (full 1):
 PSYoungGen      total 51712K, used 3584K [0x00000000eab00000, 0x00000000ee100000, 0x0000000100000000)
  eden space 48128K, 0% used [0x00000000eab00000,0x00000000eab00000,0x00000000eda00000)
  from space 3584K, 100% used [0x00000000eda00000,0x00000000edd80000,0x00000000edd80000)
  to   space 3584K, 0% used [0x00000000edd80000,0x00000000edd80000,0x00000000ee100000)
 ParOldGen       total 46080K, used 16051K [0x00000000c0000000, 0x00000000c2d00000, 0x00000000eab00000)
  object space 46080K, 34% used [0x00000000c0000000,0x00000000c0face70,0x00000000c2d00000)
 Metaspace       used 29595K, capacity 30102K, committed 30464K, reserved 1075200K
  class space    used 4142K, capacity 4277K, committed 4352K, reserved 1048576K
}
Event: 15.212 GC heap before
{Heap before GC invocations=9 (full 1):
 PSYoungGen      total 51712K, used 51712K [0x00000000eab00000, 0x00000000ee100000, 0x0000000100000000)
  eden space 48128K, 100% used [0x00000000eab00000,0x00000000eda00000,0x00000000eda00000)
  from space 3584K, 100% used [0x00000000eda00000,0x00000000edd80000,0x00000000edd80000)
  to   space 3584K, 0% used [0x00000000edd80000,0x00000000edd80000,0x00000000ee100000)
 ParOldGen       total 46080K, used 16051K [0x00000000c0000000, 0x00000000c2d00000, 0x00000000eab00000)
  object space 46080K, 34% used [0x00000000c0000000,0x00000000c0face70,0x00000000c2d00000)
 Metaspace       used 32177K, capacity 32698K, committed 32896K, reserved 1077248K
  class space    used 4503K, capacity 4670K, committed 4736K, reserved 1048576K
Event: 15.260 GC heap after
Heap after GC invocations=9 (full 1):
 PSYoungGen      total 51712K, used 3584K [0x00000000eab00000, 0x00000000ee100000, 0x0000000100000000)
  eden space 48128K, 0% used [0x00000000eab00000,0x00000000eab00000,0x00000000eda00000)
  from space 3584K, 100% used [0x00000000edd80000,0x00000000ee100000,0x00000000ee100000)
  to   space 3584K, 0% used [0x00000000eda00000,0x00000000eda00000,0x00000000edd80000)
 ParOldGen       total 46080K, used 19438K [0x00000000c0000000, 0x00000000c2d00000, 0x00000000eab00000)
  object space 46080K, 42% used [0x00000000c0000000,0x00000000c12fbaa8,0x00000000c2d00000)
 Metaspace       used 32177K, capacity 32698K, committed 32896K, reserved 1077248K
  class space    used 4503K, capacity 4670K, committed 4736K, reserved 1048576K
}
Event: 15.474 GC heap before
{Heap before GC invocations=10 (full 1):
 PSYoungGen      total 51712K, used 11704K [0x00000000eab00000, 0x00000000ee100000, 0x0000000100000000)
  eden space 48128K, 16% used [0x00000000eab00000,0x00000000eb2ee1e8,0x00000000eda00000)
  from space 3584K, 100% used [0x00000000edd80000,0x00000000ee100000,0x00000000ee100000)
  to   space 3584K, 0% used [0x00000000eda00000,0x00000000eda00000,0x00000000edd80000)
 ParOldGen       total 46080K, used 19438K [0x00000000c0000000, 0x00000000c2d00000, 0x00000000eab00000)
  object space 46080K, 42% used [0x00000000c0000000,0x00000000c12fbaa8,0x00000000c2d00000)
 Metaspace       used 32749K, capacity 33274K, committed 33408K, reserved 1077248K
  class space    used 4607K, capacity 4734K, committed 4736K, reserved 1048576K
Event: 15.493 GC heap after
Heap after GC invocations=10 (full 1):
 PSYoungGen      total 51712K, used 3007K [0x00000000eab00000, 0x00000000ee100000, 0x0000000100000000)
  eden space 48128K, 0% used [0x00000000eab00000,0x00000000eab00000,0x00000000eda00000)
  from space 3584K, 83% used [0x00000000eda00000,0x00000000edcefcd0,0x00000000edd80000)
  to   space 3584K, 0% used [0x00000000edd80000,0x00000000edd80000,0x00000000ee100000)
 ParOldGen       total 46080K, used 20774K [0x00000000c0000000, 0x00000000c2d00000, 0x00000000eab00000)
  object space 46080K, 45% used [0x00000000c0000000,0x00000000c1449ab8,0x00000000c2d00000)
 Metaspace       used 32749K, capacity 33274K, committed 33408K, reserved 1077248K
  class space    used 4607K, capacity 4734K, committed 4736K, reserved 1048576K
}
Event: 15.494 GC heap before
{Heap before GC invocations=11 (full 2):
 PSYoungGen      total 51712K, used 3007K [0x00000000eab00000, 0x00000000ee100000, 0x0000000100000000)
  eden space 48128K, 0% used [0x00000000eab00000,0x00000000eab00000,0x00000000eda00000)
  from space 3584K, 83% used [0x00000000eda00000,0x00000000edcefcd0,0x00000000edd80000)
  to   space 3584K, 0% used [0x00000000edd80000,0x00000000edd80000,0x00000000ee100000)
 ParOldGen       total 46080K, used 20774K [0x00000000c0000000, 0x00000000c2d00000, 0x00000000eab00000)
  object space 46080K, 45% used [0x00000000c0000000,0x00000000c1449ab8,0x00000000c2d00000)
 Metaspace       used 32749K, capacity 33274K, committed 33408K, reserved 1077248K
  class space    used 4607K, capacity 4734K, committed 4736K, reserved 1048576K

