# JRE version: Java(TM) SE Runtime Environment (8.0_131-b11) (build 1.8.0_131-b11)
# Java VM: Java HotSpot(TM) 64-Bit Server VM (25.131-b11 mixed mode windows-amd64 compressed oops)
Heap:
 PSYoungGen      total 51712K, used 12696K [0x00000000e1580000, 0x00000000e4b80000, 0x0000000100000000)
  eden space 48128K, 18% used [0x00000000e1580000,0x00000000e1e6d378,0x00000000e4480000)
  from space 3584K, 99% used [0x00000000e4480000,0x00000000e47f8e18,0x00000000e4800000)
  to   space 3584K, 0% used [0x00000000e4800000,0x00000000e4800000,0x00000000e4b80000)
 ParOldGen       total 62976K, used 5986K [0x00000000a4000000, 0x00000000a7d80000, 0x00000000e1580000)
  object space 62976K, 9% used [0x00000000a4000000,0x00000000a45d8ad8,0x00000000a7d80000)
 Metaspace       used 18603K, capacity 18800K, committed 19072K, reserved 1067008K
  class space    used 2257K, capacity 2339K, committed 2432K, reserved 1048576K
GC Heap History (6 events):
Event: 3.101 GC heap before
{Heap before GC invocations=1 (full 0):
 PSYoungGen      total 27648K, used 24064K [0x00000000e1580000, 0x00000000e3400000, 0x0000000100000000)
  eden space 24064K, 100% used [0x00000000e1580000,0x00000000e2d00000,0x00000000e2d00000)
  from space 3584K, 0% used [0x00000000e3080000,0x00000000e3080000,0x00000000e3400000)
  to   space 3584K, 0% used [0x00000000e2d00000,0x00000000e2d00000,0x00000000e3080000)
 ParOldGen       total 62976K, used 0K [0x00000000a4000000, 0x00000000a7d80000, 0x00000000e1580000)
  object space 62976K, 0% used [0x00000000a4000000,0x00000000a4000000,0x00000000a7d80000)
 Metaspace       used 7094K, capacity 7210K, committed 7296K, reserved 1056768K
  class space    used 841K, capacity 887K, committed 896K, reserved 1048576K
Event: 3.134 GC heap after
Heap after GC invocations=1 (full 0):
 PSYoungGen      total 27648K, used 3544K [0x00000000e1580000, 0x00000000e4b80000, 0x0000000100000000)
  eden space 24064K, 0% used [0x00000000e1580000,0x00000000e1580000,0x00000000e2d00000)
  from space 3584K, 98% used [0x00000000e2d00000,0x00000000e30760c0,0x00000000e3080000)
  to   space 3584K, 0% used [0x00000000e4800000,0x00000000e4800000,0x00000000e4b80000)
 ParOldGen       total 62976K, used 8K [0x00000000a4000000, 0x00000000a7d80000, 0x00000000e1580000)
  object space 62976K, 0% used [0x00000000a4000000,0x00000000a4002000,0x00000000a7d80000)
 Metaspace       used 7094K, capacity 7210K, committed 7296K, reserved 1056768K
  class space    used 841K, capacity 887K, committed 896K, reserved 1048576K
}
Event: 4.253 GC heap before
{Heap before GC invocations=2 (full 0):
 PSYoungGen      total 27648K, used 27608K [0x00000000e1580000, 0x00000000e4b80000, 0x0000000100000000)
  eden space 24064K, 100% used [0x00000000e1580000,0x00000000e2d00000,0x00000000e2d00000)
  from space 3584K, 98% used [0x00000000e2d00000,0x00000000e30760c0,0x00000000e3080000)
  to   space 3584K, 0% used [0x00000000e4800000,0x00000000e4800000,0x00000000e4b80000)
 ParOldGen       total 62976K, used 8K [0x00000000a4000000, 0x00000000a7d80000, 0x00000000e1580000)
  object space 62976K, 0% used [0x00000000a4000000,0x00000000a4002000,0x00000000a7d80000)
 Metaspace       used 10169K, capacity 10314K, committed 10624K, reserved 1058816K
  class space    used 1243K, capacity 1303K, committed 1408K, reserved 1048576K
Event: 4.329 GC heap after
Heap after GC invocations=2 (full 0):
 PSYoungGen      total 51712K, used 3567K [0x00000000e1580000, 0x00000000e4b80000, 0x0000000100000000)
  eden space 48128K, 0% used [0x00000000e1580000,0x00000000e1580000,0x00000000e4480000)
  from space 3584K, 99% used [0x00000000e4800000,0x00000000e4b7bd00,0x00000000e4b80000)
  to   space 3584K, 0% used [0x00000000e4480000,0x00000000e4480000,0x00000000e4800000)
 ParOldGen       total 62976K, used 985K [0x00000000a4000000, 0x00000000a7d80000, 0x00000000e1580000)
  object space 62976K, 1% used [0x00000000a4000000,0x00000000a40f66a8,0x00000000a7d80000)
 Metaspace       used 10169K, capacity 10314K, committed 10624K, reserved 1058816K
  class space    used 1243K, capacity 1303K, committed 1408K, reserved 1048576K
}
Event: 6.454 GC heap before
{Heap before GC invocations=3 (full 0):
 PSYoungGen      total 51712K, used 51695K [0x00000000e1580000, 0x00000000e4b80000, 0x0000000100000000)
  eden space 48128K, 100% used [0x00000000e1580000,0x00000000e4480000,0x00000000e4480000)
  from space 3584K, 99% used [0x00000000e4800000,0x00000000e4b7bd00,0x00000000e4b80000)
  to   space 3584K, 0% used [0x00000000e4480000,0x00000000e4480000,0x00000000e4800000)
 ParOldGen       total 62976K, used 985K [0x00000000a4000000, 0x00000000a7d80000, 0x00000000e1580000)
  object space 62976K, 1% used [0x00000000a4000000,0x00000000a40f66a8,0x00000000a7d80000)
 Metaspace       used 18154K, capacity 18410K, committed 18688K, reserved 1064960K
  class space    used 2195K, capacity 2274K, committed 2304K, reserved 1048576K
Event: 6.485 GC heap after
Heap after GC invocations=3 (full 0):
 PSYoungGen      total 51712K, used 3555K [0x00000000e1580000, 0x00000000e4b80000, 0x0000000100000000)
  eden space 48128K, 0% used [0x00000000e1580000,0x00000000e1580000,0x00000000e4480000)
  from space 3584K, 99% used [0x00000000e4480000,0x00000000e47f8e18,0x00000000e4800000)
  to   space 3584K, 0% used [0x00000000e4800000,0x00000000e4800000,0x00000000e4b80000)
 ParOldGen       total 62976K, used 5986K [0x00000000a4000000, 0x00000000a7d80000, 0x00000000e1580000)
  object space 62976K, 9% used [0x00000000a4000000,0x00000000a45d8ad8,0x00000000a7d80000)
 Metaspace       used 18154K, capacity 18410K, committed 18688K, reserved 1064960K
  class space    used 2195K, capacity 2274K, committed 2304K, reserved 1048576K
}

