# JRE version: Java(TM) SE Runtime Environment (8.0_131-b11) (build 1.8.0_131-b11)
# Java VM: Java HotSpot(TM) 64-Bit Server VM (25.131-b11 mixed mode windows-amd64 compressed oops)
Heap:
 PSYoungGen      total 213504K, used 40134K [0x00000000e1580000, 0x00000000f6300000, 0x0000000100000000)
  eden space 196608K, 11% used [0x00000000e1580000,0x00000000e2c36a60,0x00000000ed580000)
  from space 16896K, 99% used [0x00000000ee900000,0x00000000ef97af20,0x00000000ef980000)
  to   space 19968K, 0% used [0x00000000ed580000,0x00000000ed580000,0x00000000ee900000)
 ParOldGen       total 85504K, used 23877K [0x00000000a4000000, 0x00000000a9380000, 0x00000000e1580000)
  object space 85504K, 27% used [0x00000000a4000000,0x00000000a57517b0,0x00000000a9380000)
 Metaspace       used 46491K, capacity 46920K, committed 47144K, reserved 1089536K
  class space    used 5981K, capacity 6109K, committed 6184K, reserved 1048576K
GC Heap History (10 events):
Event: 13.225 GC heap before
{Heap before GC invocations=6 (full 1):
 PSYoungGen      total 99840K, used 3571K [0x00000000e1580000, 0x00000000ee480000, 0x0000000100000000)
  eden space 96256K, 0% used [0x00000000e1580000,0x00000000e1580000,0x00000000e7380000)
  from space 3584K, 99% used [0x00000000e7380000,0x00000000e76fce08,0x00000000e7700000)
  to   space 9728K, 0% used [0x00000000edb00000,0x00000000edb00000,0x00000000ee480000)
 ParOldGen       total 62976K, used 12965K [0x00000000a4000000, 0x00000000a7d80000, 0x00000000e1580000)
  object space 62976K, 20% used [0x00000000a4000000,0x00000000a4ca9498,0x00000000a7d80000)
 Metaspace       used 20911K, capacity 21154K, committed 21296K, reserved 1069056K
  class space    used 2550K, capacity 2640K, committed 2688K, reserved 1048576K
Event: 13.693 GC heap after
Heap after GC invocations=6 (full 1):
 PSYoungGen      total 99840K, used 0K [0x00000000e1580000, 0x00000000ee480000, 0x0000000100000000)
  eden space 96256K, 0% used [0x00000000e1580000,0x00000000e1580000,0x00000000e7380000)
  from space 3584K, 0% used [0x00000000e7380000,0x00000000e7380000,0x00000000e7700000)
  to   space 9728K, 0% used [0x00000000edb00000,0x00000000edb00000,0x00000000ee480000)
 ParOldGen       total 52736K, used 10171K [0x00000000a4000000, 0x00000000a7380000, 0x00000000e1580000)
  object space 52736K, 19% used [0x00000000a4000000,0x00000000a49eee80,0x00000000a7380000)
 Metaspace       used 20911K, capacity 21154K, committed 21296K, reserved 1069056K
  class space    used 2550K, capacity 2640K, committed 2688K, reserved 1048576K
}
Event: 22.096 GC heap before
{Heap before GC invocations=7 (full 1):
 PSYoungGen      total 99840K, used 96256K [0x00000000e1580000, 0x00000000ee480000, 0x0000000100000000)
  eden space 96256K, 100% used [0x00000000e1580000,0x00000000e7380000,0x00000000e7380000)
  from space 3584K, 0% used [0x00000000e7380000,0x00000000e7380000,0x00000000e7700000)
  to   space 9728K, 0% used [0x00000000edb00000,0x00000000edb00000,0x00000000ee480000)
 ParOldGen       total 52736K, used 10171K [0x00000000a4000000, 0x00000000a7380000, 0x00000000e1580000)
  object space 52736K, 19% used [0x00000000a4000000,0x00000000a49eee80,0x00000000a7380000)
 Metaspace       used 27373K, capacity 27720K, committed 27904K, reserved 1073152K
  class space    used 3395K, capacity 3489K, committed 3584K, reserved 1048576K
Event: 22.140 GC heap after
Heap after GC invocations=7 (full 1):
 PSYoungGen      total 148480K, used 9708K [0x00000000e1580000, 0x00000000ee480000, 0x0000000100000000)
  eden space 138752K, 0% used [0x00000000e1580000,0x00000000e1580000,0x00000000e9d00000)
  from space 9728K, 99% used [0x00000000edb00000,0x00000000ee47b280,0x00000000ee480000)
  to   space 12288K, 0% used [0x00000000ecc80000,0x00000000ecc80000,0x00000000ed880000)
 ParOldGen       total 52736K, used 12400K [0x00000000a4000000, 0x00000000a7380000, 0x00000000e1580000)
  object space 52736K, 23% used [0x00000000a4000000,0x00000000a4c1c3e0,0x00000000a7380000)
 Metaspace       used 27373K, capacity 27720K, committed 27904K, reserved 1073152K
  class space    used 3395K, capacity 3489K, committed 3584K, reserved 1048576K
}
Event: 29.392 GC heap before
{Heap before GC invocations=8 (full 1):
 PSYoungGen      total 148480K, used 148283K [0x00000000e1580000, 0x00000000ee480000, 0x0000000100000000)
  eden space 138752K, 99% used [0x00000000e1580000,0x00000000e9cd3b70,0x00000000e9d00000)
  from space 9728K, 99% used [0x00000000edb00000,0x00000000ee47b280,0x00000000ee480000)
  to   space 12288K, 0% used [0x00000000ecc80000,0x00000000ecc80000,0x00000000ed880000)
 ParOldGen       total 52736K, used 12400K [0x00000000a4000000, 0x00000000a7380000, 0x00000000e1580000)
  object space 52736K, 23% used [0x00000000a4000000,0x00000000a4c1c3e0,0x00000000a7380000)
 Metaspace       used 35044K, capacity 35372K, committed 35496K, reserved 1081344K
  class space    used 4422K, capacity 4519K, committed 4520K, reserved 1048576K
Event: 29.578 GC heap after
Heap after GC invocations=8 (full 1):
 PSYoungGen      total 199680K, used 12285K [0x00000000e1580000, 0x00000000ef980000, 0x0000000100000000)
  eden space 187392K, 0% used [0x00000000e1580000,0x00000000e1580000,0x00000000ecc80000)
  from space 12288K, 99% used [0x00000000ecc80000,0x00000000ed87f658,0x00000000ed880000)
  to   space 16896K, 0% used [0x00000000ee900000,0x00000000ee900000,0x00000000ef980000)
 ParOldGen       total 52736K, used 17596K [0x00000000a4000000, 0x00000000a7380000, 0x00000000e1580000)
  object space 52736K, 33% used [0x00000000a4000000,0x00000000a512f1e8,0x00000000a7380000)
 Metaspace       used 35044K, capacity 35372K, committed 35496K, reserved 1081344K
  class space    used 4422K, capacity 4519K, committed 4520K, reserved 1048576K
}
Event: 29.578 GC heap before
{Heap before GC invocations=9 (full 2):
 PSYoungGen      total 199680K, used 12285K [0x00000000e1580000, 0x00000000ef980000, 0x0000000100000000)
  eden space 187392K, 0% used [0x00000000e1580000,0x00000000e1580000,0x00000000ecc80000)
  from space 12288K, 99% used [0x00000000ecc80000,0x00000000ed87f658,0x00000000ed880000)
  to   space 16896K, 0% used [0x00000000ee900000,0x00000000ee900000,0x00000000ef980000)
 ParOldGen       total 52736K, used 17596K [0x00000000a4000000, 0x00000000a7380000, 0x00000000e1580000)
  object space 52736K, 33% used [0x00000000a4000000,0x00000000a512f1e8,0x00000000a7380000)
 Metaspace       used 35044K, capacity 35372K, committed 35496K, reserved 1081344K
  class space    used 4422K, capacity 4519K, committed 4520K, reserved 1048576K
Event: 29.922 GC heap after
Heap after GC invocations=9 (full 2):
 PSYoungGen      total 199680K, used 0K [0x00000000e1580000, 0x00000000ef980000, 0x0000000100000000)
  eden space 187392K, 0% used [0x00000000e1580000,0x00000000e1580000,0x00000000ecc80000)
  from space 12288K, 0% used [0x00000000ecc80000,0x00000000ecc80000,0x00000000ed880000)
  to   space 16896K, 0% used [0x00000000ee900000,0x00000000ee900000,0x00000000ef980000)
 ParOldGen       total 85504K, used 23517K [0x00000000a4000000, 0x00000000a9380000, 0x00000000e1580000)
  object space 85504K, 27% used [0x00000000a4000000,0x00000000a56f75c8,0x00000000a9380000)
 Metaspace       used 35044K, capacity 35372K, committed 35496K, reserved 1081344K
  class space    used 4422K, capacity 4519K, committed 4520K, reserved 1048576K
}
Event: 37.732 GC heap before
{Heap before GC invocations=10 (full 2):
 PSYoungGen      total 199680K, used 187392K [0x00000000e1580000, 0x00000000ef980000, 0x0000000100000000)
  eden space 187392K, 100% used [0x00000000e1580000,0x00000000ecc80000,0x00000000ecc80000)
  from space 12288K, 0% used [0x00000000ecc80000,0x00000000ecc80000,0x00000000ed880000)
  to   space 16896K, 0% used [0x00000000ee900000,0x00000000ee900000,0x00000000ef980000)
 ParOldGen       total 85504K, used 23517K [0x00000000a4000000, 0x00000000a9380000, 0x00000000e1580000)
  object space 85504K, 27% used [0x00000000a4000000,0x00000000a56f75c8,0x00000000a9380000)
 Metaspace       used 46137K, capacity 46530K, committed 46760K, reserved 1089536K
  class space    used 5938K, capacity 6044K, committed 6056K, reserved 1048576K
Event: 38.563 GC heap after
Heap after GC invocations=10 (full 2):
 PSYoungGen      total 213504K, used 16875K [0x00000000e1580000, 0x00000000f6300000, 0x0000000100000000)
  eden space 196608K, 0% used [0x00000000e1580000,0x00000000e1580000,0x00000000ed580000)
  from space 16896K, 99% used [0x00000000ee900000,0x00000000ef97af20,0x00000000ef980000)
  to   space 19968K, 0% used [0x00000000ed580000,0x00000000ed580000,0x00000000ee900000)
 ParOldGen       total 85504K, used 23877K [0x00000000a4000000, 0x00000000a9380000, 0x00000000e1580000)
  object space 85504K, 27% used [0x00000000a4000000,0x00000000a57517b0,0x00000000a9380000)
 Metaspace       used 46137K, capacity 46530K, committed 46760K, reserved 1089536K
  class space    used 5938K, capacity 6044K, committed 6056K, reserved 1048576K
}

